2019-07-30 10:47:10.154 [main] INFO  nil.ed.App - Starting App on DESKTOP-K5NOLIB with PID 19648 (D:\workspace\idea\github\sample\login_intercepter\target\classes started by lidelin in D:\workspace\idea\github\sample\login_intercepter)
2019-07-30 10:47:10.158 [main] INFO  nil.ed.App - The following profiles are active: dev
2019-07-30 10:47:11.851 [main] INFO  o.s.b.w.e.tomcat.TomcatWebServer - Tomcat initialized with port(s): 8080 (http)
2019-07-30 10:47:11.877 [main] INFO  o.a.coyote.http11.Http11NioProtocol - Initializing ProtocolHandler ["http-nio-8080"]
2019-07-30 10:47:11.893 [main] INFO  o.a.catalina.core.StandardService - Starting service [Tomcat]
2019-07-30 10:47:11.894 [main] INFO  o.a.catalina.core.StandardEngine - Starting Servlet engine: [Apache Tomcat/9.0.21]
2019-07-30 10:47:12.118 [main] INFO  o.a.c.c.C.[Tomcat].[localhost].[/] - Initializing Spring embedded WebApplicationContext
2019-07-30 10:47:12.119 [main] INFO  o.s.web.context.ContextLoader - Root WebApplicationContext: initialization completed in 1868 ms
2019-07-30 10:47:12.641 [main] INFO  o.a.coyote.http11.Http11NioProtocol - Starting ProtocolHandler ["http-nio-8080"]
2019-07-30 10:47:12.691 [main] INFO  o.s.b.w.e.tomcat.TomcatWebServer - Tomcat started on port(s): 8080 (http) with context path ''
2019-07-30 10:47:12.695 [main] INFO  nil.ed.App - Started App in 3.44 seconds (JVM running for 7.883)
2019-07-30 10:49:08.638 [main] INFO  nil.ed.App - Starting App on DESKTOP-K5NOLIB with PID 2428 (D:\workspace\idea\github\sample\login_intercepter\target\classes started by lidelin in D:\workspace\idea\github\sample\login_intercepter)
2019-07-30 10:49:08.642 [main] INFO  nil.ed.App - The following profiles are active: dev
2019-07-30 10:49:10.682 [main] INFO  o.s.b.w.e.tomcat.TomcatWebServer - Tomcat initialized with port(s): 8080 (http)
2019-07-30 10:49:10.706 [main] INFO  o.a.coyote.http11.Http11NioProtocol - Initializing ProtocolHandler ["http-nio-8080"]
2019-07-30 10:49:10.723 [main] INFO  o.a.catalina.core.StandardService - Starting service [Tomcat]
2019-07-30 10:49:10.724 [main] INFO  o.a.catalina.core.StandardEngine - Starting Servlet engine: [Apache Tomcat/9.0.21]
2019-07-30 10:49:10.912 [main] INFO  o.a.c.c.C.[Tomcat].[localhost].[/] - Initializing Spring embedded WebApplicationContext
2019-07-30 10:49:10.913 [main] INFO  o.s.web.context.ContextLoader - Root WebApplicationContext: initialization completed in 2149 ms
2019-07-30 10:49:11.378 [main] INFO  o.a.coyote.http11.Http11NioProtocol - Starting ProtocolHandler ["http-nio-8080"]
2019-07-30 10:49:11.415 [main] INFO  o.s.b.w.e.tomcat.TomcatWebServer - Tomcat started on port(s): 8080 (http) with context path ''
2019-07-30 10:49:11.420 [main] INFO  nil.ed.App - Started App in 3.791 seconds (JVM running for 5.661)
2019-07-30 10:49:18.028 [http-nio-8080-exec-1] INFO  o.a.c.c.C.[Tomcat].[localhost].[/] - Initializing Spring DispatcherServlet 'dispatcherServlet'
2019-07-30 10:49:18.028 [http-nio-8080-exec-1] INFO  o.s.web.servlet.DispatcherServlet - Initializing Servlet 'dispatcherServlet'
2019-07-30 10:49:18.043 [http-nio-8080-exec-1] INFO  o.s.web.servlet.DispatcherServlet - Completed initialization in 13 ms
2019-07-30 10:49:18.073 [http-nio-8080-exec-1] INFO  n.e.l.i.AnnotationConditionInterceptor - 拦截...
2019-07-30 10:49:18.552 [http-nio-8080-exec-2] WARN  o.s.web.servlet.PageNotFound - No mapping for GET /favicon.ico
2019-07-30 10:50:37.427 [main] INFO  nil.ed.App - Starting App on DESKTOP-K5NOLIB with PID 15288 (D:\workspace\idea\github\sample\login_intercepter\target\classes started by lidelin in D:\workspace\idea\github\sample\login_intercepter)
2019-07-30 10:50:37.431 [main] INFO  nil.ed.App - The following profiles are active: dev
2019-07-30 10:50:39.437 [main] INFO  o.s.b.w.e.tomcat.TomcatWebServer - Tomcat initialized with port(s): 8080 (http)
2019-07-30 10:50:39.518 [main] INFO  o.a.coyote.http11.Http11NioProtocol - Initializing ProtocolHandler ["http-nio-8080"]
2019-07-30 10:50:39.555 [main] INFO  o.a.catalina.core.StandardService - Starting service [Tomcat]
2019-07-30 10:50:39.556 [main] INFO  o.a.catalina.core.StandardEngine - Starting Servlet engine: [Apache Tomcat/9.0.21]
2019-07-30 10:50:39.919 [main] INFO  o.a.c.c.C.[Tomcat].[localhost].[/] - Initializing Spring embedded WebApplicationContext
2019-07-30 10:50:39.919 [main] INFO  o.s.web.context.ContextLoader - Root WebApplicationContext: initialization completed in 2299 ms
2019-07-30 10:50:40.791 [main] INFO  o.a.coyote.http11.Http11NioProtocol - Starting ProtocolHandler ["http-nio-8080"]
2019-07-30 10:50:40.870 [main] INFO  o.s.b.w.e.tomcat.TomcatWebServer - Tomcat started on port(s): 8080 (http) with context path ''
2019-07-30 10:50:40.887 [main] INFO  nil.ed.App - Started App in 4.523 seconds (JVM running for 6.419)
2019-07-30 10:50:42.787 [http-nio-8080-exec-1] INFO  o.a.c.c.C.[Tomcat].[localhost].[/] - Initializing Spring DispatcherServlet 'dispatcherServlet'
2019-07-30 10:50:42.787 [http-nio-8080-exec-1] INFO  o.s.web.servlet.DispatcherServlet - Initializing Servlet 'dispatcherServlet'
2019-07-30 10:50:42.795 [http-nio-8080-exec-1] INFO  o.s.web.servlet.DispatcherServlet - Completed initialization in 8 ms
2019-07-30 10:50:42.823 [http-nio-8080-exec-1] INFO  n.e.l.i.AnnotationConditionInterceptor - 拦截...
2019-07-30 10:50:46.819 [http-nio-8080-exec-2] INFO  n.e.l.i.AnnotationConditionInterceptor - 拦截...
2019-07-30 10:51:24.657 [main] INFO  nil.ed.App - Starting App on DESKTOP-K5NOLIB with PID 20320 (D:\workspace\idea\github\sample\login_intercepter\target\classes started by lidelin in D:\workspace\idea\github\sample\login_intercepter)
2019-07-30 10:51:24.664 [main] INFO  nil.ed.App - The following profiles are active: dev
2019-07-30 10:51:26.556 [main] INFO  o.s.b.w.e.tomcat.TomcatWebServer - Tomcat initialized with port(s): 8080 (http)
2019-07-30 10:51:26.580 [main] INFO  o.a.coyote.http11.Http11NioProtocol - Initializing ProtocolHandler ["http-nio-8080"]
2019-07-30 10:51:26.595 [main] INFO  o.a.catalina.core.StandardService - Starting service [Tomcat]
2019-07-30 10:51:26.596 [main] INFO  o.a.catalina.core.StandardEngine - Starting Servlet engine: [Apache Tomcat/9.0.21]
2019-07-30 10:51:26.794 [main] INFO  o.a.c.c.C.[Tomcat].[localhost].[/] - Initializing Spring embedded WebApplicationContext
2019-07-30 10:51:26.795 [main] INFO  o.s.web.context.ContextLoader - Root WebApplicationContext: initialization completed in 2010 ms
2019-07-30 10:51:27.338 [main] INFO  o.a.coyote.http11.Http11NioProtocol - Starting ProtocolHandler ["http-nio-8080"]
2019-07-30 10:51:27.376 [main] INFO  o.s.b.w.e.tomcat.TomcatWebServer - Tomcat started on port(s): 8080 (http) with context path ''
2019-07-30 10:51:27.381 [main] INFO  nil.ed.App - Started App in 3.751 seconds (JVM running for 5.472)
2019-07-30 10:51:34.920 [http-nio-8080-exec-1] INFO  o.a.c.c.C.[Tomcat].[localhost].[/] - Initializing Spring DispatcherServlet 'dispatcherServlet'
2019-07-30 10:51:34.920 [http-nio-8080-exec-1] INFO  o.s.web.servlet.DispatcherServlet - Initializing Servlet 'dispatcherServlet'
2019-07-30 10:51:34.933 [http-nio-8080-exec-1] INFO  o.s.web.servlet.DispatcherServlet - Completed initialization in 13 ms
2019-07-30 10:51:34.965 [http-nio-8080-exec-1] INFO  n.e.l.i.AnnotationConditionInterceptor - 拦截...
2019-07-30 10:52:04.277 [main] INFO  nil.ed.App - Starting App on DESKTOP-K5NOLIB with PID 19564 (D:\workspace\idea\github\sample\login_intercepter\target\classes started by lidelin in D:\workspace\idea\github\sample\login_intercepter)
2019-07-30 10:52:04.281 [main] INFO  nil.ed.App - The following profiles are active: dev
2019-07-30 10:52:06.226 [main] INFO  o.s.b.w.e.tomcat.TomcatWebServer - Tomcat initialized with port(s): 8080 (http)
2019-07-30 10:52:06.248 [main] INFO  o.a.coyote.http11.Http11NioProtocol - Initializing ProtocolHandler ["http-nio-8080"]
2019-07-30 10:52:06.268 [main] INFO  o.a.catalina.core.StandardService - Starting service [Tomcat]
2019-07-30 10:52:06.268 [main] INFO  o.a.catalina.core.StandardEngine - Starting Servlet engine: [Apache Tomcat/9.0.21]
2019-07-30 10:52:06.492 [main] INFO  o.a.c.c.C.[Tomcat].[localhost].[/] - Initializing Spring embedded WebApplicationContext
2019-07-30 10:52:06.493 [main] INFO  o.s.web.context.ContextLoader - Root WebApplicationContext: initialization completed in 2104 ms
2019-07-30 10:52:07.079 [main] INFO  o.a.coyote.http11.Http11NioProtocol - Starting ProtocolHandler ["http-nio-8080"]
2019-07-30 10:52:07.124 [main] INFO  o.s.b.w.e.tomcat.TomcatWebServer - Tomcat started on port(s): 8080 (http) with context path ''
2019-07-30 10:52:07.130 [main] INFO  nil.ed.App - Started App in 3.747 seconds (JVM running for 5.655)
2019-07-30 10:52:37.227 [http-nio-8080-exec-1] INFO  o.a.c.c.C.[Tomcat].[localhost].[/] - Initializing Spring DispatcherServlet 'dispatcherServlet'
2019-07-30 10:52:37.229 [http-nio-8080-exec-1] INFO  o.s.web.servlet.DispatcherServlet - Initializing Servlet 'dispatcherServlet'
2019-07-30 10:52:37.244 [http-nio-8080-exec-1] INFO  o.s.web.servlet.DispatcherServlet - Completed initialization in 15 ms
2019-07-30 10:52:37.284 [http-nio-8080-exec-1] INFO  n.e.l.i.AnnotationConditionInterceptor - 拦截...
2019-07-30 10:56:45.750 [main] INFO  nil.ed.App - Starting App on DESKTOP-K5NOLIB with PID 22472 (D:\workspace\idea\github\sample\login_intercepter\target\classes started by lidelin in D:\workspace\idea\github\sample\login_intercepter)
2019-07-30 10:56:45.772 [main] INFO  nil.ed.App - The following profiles are active: dev
2019-07-30 10:56:48.104 [main] INFO  o.s.b.w.e.tomcat.TomcatWebServer - Tomcat initialized with port(s): 8080 (http)
2019-07-30 10:56:48.133 [main] INFO  o.a.coyote.http11.Http11NioProtocol - Initializing ProtocolHandler ["http-nio-8080"]
2019-07-30 10:56:48.151 [main] INFO  o.a.catalina.core.StandardService - Starting service [Tomcat]
2019-07-30 10:56:48.152 [main] INFO  o.a.catalina.core.StandardEngine - Starting Servlet engine: [Apache Tomcat/9.0.21]
2019-07-30 10:56:48.411 [main] INFO  o.a.c.c.C.[Tomcat].[localhost].[/] - Initializing Spring embedded WebApplicationContext
2019-07-30 10:56:48.412 [main] INFO  o.s.web.context.ContextLoader - Root WebApplicationContext: initialization completed in 2551 ms
2019-07-30 10:56:49.016 [main] INFO  o.a.coyote.http11.Http11NioProtocol - Starting ProtocolHandler ["http-nio-8080"]
2019-07-30 10:56:49.053 [main] INFO  o.s.b.w.e.tomcat.TomcatWebServer - Tomcat started on port(s): 8080 (http) with context path ''
2019-07-30 10:56:49.059 [main] INFO  nil.ed.App - Started App in 4.6 seconds (JVM running for 6.705)
2019-07-30 10:56:56.439 [http-nio-8080-exec-1] INFO  o.a.c.c.C.[Tomcat].[localhost].[/] - Initializing Spring DispatcherServlet 'dispatcherServlet'
2019-07-30 10:56:56.439 [http-nio-8080-exec-1] INFO  o.s.web.servlet.DispatcherServlet - Initializing Servlet 'dispatcherServlet'
2019-07-30 10:56:56.451 [http-nio-8080-exec-1] INFO  o.s.web.servlet.DispatcherServlet - Completed initialization in 11 ms
2019-07-30 10:56:56.473 [http-nio-8080-exec-1] INFO  n.e.l.i.AnnotationConditionInterceptor - 拦截...
2019-07-30 10:56:56.921 [http-nio-8080-exec-2] WARN  o.s.web.servlet.PageNotFound - No mapping for GET /favicon.ico
2019-07-30 11:04:46.230 [main] INFO  nil.ed.App - Starting App on DESKTOP-K5NOLIB with PID 9024 (D:\workspace\idea\github\sample\login_intercepter\target\classes started by lidelin in D:\workspace\idea\github\sample\login_intercepter)
2019-07-30 11:04:46.234 [main] INFO  nil.ed.App - The following profiles are active: dev
2019-07-30 11:04:47.516 [main] INFO  o.s.b.w.e.tomcat.TomcatWebServer - Tomcat initialized with port(s): 8080 (http)
2019-07-30 11:04:47.528 [main] INFO  o.a.coyote.http11.Http11NioProtocol - Initializing ProtocolHandler ["http-nio-8080"]
2019-07-30 11:04:47.536 [main] INFO  o.a.catalina.core.StandardService - Starting service [Tomcat]
2019-07-30 11:04:47.536 [main] INFO  o.a.catalina.core.StandardEngine - Starting Servlet engine: [Apache Tomcat/9.0.21]
2019-07-30 11:04:47.637 [main] INFO  o.a.c.c.C.[Tomcat].[localhost].[/] - Initializing Spring embedded WebApplicationContext
2019-07-30 11:04:47.637 [main] INFO  o.s.web.context.ContextLoader - Root WebApplicationContext: initialization completed in 1331 ms
2019-07-30 11:04:47.926 [main] INFO  o.a.coyote.http11.Http11NioProtocol - Starting ProtocolHandler ["http-nio-8080"]
2019-07-30 11:04:47.947 [main] INFO  o.s.b.w.e.tomcat.TomcatWebServer - Tomcat started on port(s): 8080 (http) with context path ''
2019-07-30 11:04:47.950 [main] INFO  nil.ed.App - Started App in 2.576 seconds (JVM running for 3.816)
2019-07-30 11:05:12.398 [http-nio-8080-exec-1] INFO  o.a.c.c.C.[Tomcat].[localhost].[/] - Initializing Spring DispatcherServlet 'dispatcherServlet'
2019-07-30 11:05:12.399 [http-nio-8080-exec-1] INFO  o.s.web.servlet.DispatcherServlet - Initializing Servlet 'dispatcherServlet'
2019-07-30 11:05:12.405 [http-nio-8080-exec-1] INFO  o.s.web.servlet.DispatcherServlet - Completed initialization in 6 ms
2019-07-30 11:05:12.759 [http-nio-8080-exec-3] WARN  o.s.web.servlet.PageNotFound - No mapping for GET /favicon.ico
2019-07-30 11:06:18.941 [main] INFO  nil.ed.App - Starting App on DESKTOP-K5NOLIB with PID 4924 (D:\workspace\idea\github\sample\login_intercepter\target\classes started by lidelin in D:\workspace\idea\github\sample\login_intercepter)
2019-07-30 11:06:18.944 [main] INFO  nil.ed.App - The following profiles are active: dev
2019-07-30 11:06:20.383 [main] INFO  o.s.b.w.e.tomcat.TomcatWebServer - Tomcat initialized with port(s): 8080 (http)
2019-07-30 11:06:20.399 [main] INFO  o.a.coyote.http11.Http11NioProtocol - Initializing ProtocolHandler ["http-nio-8080"]
2019-07-30 11:06:20.412 [main] INFO  o.a.catalina.core.StandardService - Starting service [Tomcat]
2019-07-30 11:06:20.412 [main] INFO  o.a.catalina.core.StandardEngine - Starting Servlet engine: [Apache Tomcat/9.0.21]
2019-07-30 11:06:20.569 [main] INFO  o.a.c.c.C.[Tomcat].[localhost].[/] - Initializing Spring embedded WebApplicationContext
2019-07-30 11:06:20.569 [main] INFO  o.s.web.context.ContextLoader - Root WebApplicationContext: initialization completed in 1569 ms
2019-07-30 11:06:21.159 [main] INFO  o.a.coyote.http11.Http11NioProtocol - Starting ProtocolHandler ["http-nio-8080"]
2019-07-30 11:06:21.195 [main] INFO  o.s.b.w.e.tomcat.TomcatWebServer - Tomcat started on port(s): 8080 (http) with context path ''
2019-07-30 11:06:21.199 [main] INFO  nil.ed.App - Started App in 2.852 seconds (JVM running for 3.946)
2019-07-30 11:09:04.726 [main] INFO  nil.ed.App - Starting App on DESKTOP-K5NOLIB with PID 4652 (D:\workspace\idea\github\sample\login_intercepter\target\classes started by lidelin in D:\workspace\idea\github\sample\login_intercepter)
2019-07-30 11:09:04.729 [main] INFO  nil.ed.App - The following profiles are active: dev
2019-07-30 11:09:05.798 [main] INFO  o.s.b.w.e.tomcat.TomcatWebServer - Tomcat initialized with port(s): 8080 (http)
2019-07-30 11:09:05.816 [main] INFO  o.a.coyote.http11.Http11NioProtocol - Initializing ProtocolHandler ["http-nio-8080"]
2019-07-30 11:09:05.831 [main] INFO  o.a.catalina.core.StandardService - Starting service [Tomcat]
2019-07-30 11:09:05.831 [main] INFO  o.a.catalina.core.StandardEngine - Starting Servlet engine: [Apache Tomcat/9.0.21]
2019-07-30 11:09:06.032 [main] INFO  o.a.c.c.C.[Tomcat].[localhost].[/] - Initializing Spring embedded WebApplicationContext
2019-07-30 11:09:06.033 [main] INFO  o.s.web.context.ContextLoader - Root WebApplicationContext: initialization completed in 1254 ms
2019-07-30 11:09:06.541 [main] INFO  o.a.coyote.http11.Http11NioProtocol - Starting ProtocolHandler ["http-nio-8080"]
2019-07-30 11:09:06.589 [main] INFO  o.s.b.w.e.tomcat.TomcatWebServer - Tomcat started on port(s): 8080 (http) with context path ''
2019-07-30 11:09:06.593 [main] INFO  nil.ed.App - Started App in 2.442 seconds (JVM running for 3.634)
2019-07-30 11:10:59.357 [main] INFO  nil.ed.App - Starting App on DESKTOP-K5NOLIB with PID 17172 (D:\workspace\idea\github\sample\login_intercepter\target\classes started by lidelin in D:\workspace\idea\github\sample\login_intercepter)
2019-07-30 11:10:59.360 [main] INFO  nil.ed.App - The following profiles are active: dev
2019-07-30 11:11:00.278 [main] INFO  o.s.b.w.e.tomcat.TomcatWebServer - Tomcat initialized with port(s): 8080 (http)
2019-07-30 11:11:00.294 [main] INFO  o.a.coyote.http11.Http11NioProtocol - Initializing ProtocolHandler ["http-nio-8080"]
2019-07-30 11:11:00.303 [main] INFO  o.a.catalina.core.StandardService - Starting service [Tomcat]
2019-07-30 11:11:00.303 [main] INFO  o.a.catalina.core.StandardEngine - Starting Servlet engine: [Apache Tomcat/9.0.21]
2019-07-30 11:11:00.443 [main] INFO  o.a.c.c.C.[Tomcat].[localhost].[/] - Initializing Spring embedded WebApplicationContext
2019-07-30 11:11:00.444 [main] INFO  o.s.web.context.ContextLoader - Root WebApplicationContext: initialization completed in 1041 ms
2019-07-30 11:11:00.795 [main] INFO  o.a.coyote.http11.Http11NioProtocol - Starting ProtocolHandler ["http-nio-8080"]
2019-07-30 11:11:00.823 [main] INFO  o.s.b.w.e.tomcat.TomcatWebServer - Tomcat started on port(s): 8080 (http) with context path ''
2019-07-30 11:11:00.827 [main] INFO  nil.ed.App - Started App in 2.03 seconds (JVM running for 3.136)
2019-07-30 11:11:07.701 [http-nio-8080-exec-1] INFO  o.a.c.c.C.[Tomcat].[localhost].[/] - Initializing Spring DispatcherServlet 'dispatcherServlet'
2019-07-30 11:11:07.701 [http-nio-8080-exec-1] INFO  o.s.web.servlet.DispatcherServlet - Initializing Servlet 'dispatcherServlet'
2019-07-30 11:11:07.709 [http-nio-8080-exec-1] INFO  o.s.web.servlet.DispatcherServlet - Completed initialization in 8 ms
2019-07-30 11:11:07.729 [http-nio-8080-exec-1] INFO  n.e.l.i.AnnotationConditionInterceptor - 拦截...
2019-07-30 11:11:12.658 [http-nio-8080-exec-2] INFO  n.e.l.i.AnnotationConditionInterceptor - 拦截...
2019-07-30 11:19:45.769 [main] INFO  nil.ed.App - Starting App on DESKTOP-K5NOLIB with PID 4056 (D:\workspace\idea\github\sample\login_intercepter\target\classes started by lidelin in D:\workspace\idea\github\sample\login_intercepter)
2019-07-30 11:19:45.774 [main] INFO  nil.ed.App - The following profiles are active: dev
2019-07-30 11:19:47.071 [main] INFO  o.s.b.w.e.tomcat.TomcatWebServer - Tomcat initialized with port(s): 8080 (http)
2019-07-30 11:19:47.089 [main] INFO  o.a.coyote.http11.Http11NioProtocol - Initializing ProtocolHandler ["http-nio-8080"]
2019-07-30 11:19:47.100 [main] INFO  o.a.catalina.core.StandardService - Starting service [Tomcat]
2019-07-30 11:19:47.101 [main] INFO  o.a.catalina.core.StandardEngine - Starting Servlet engine: [Apache Tomcat/9.0.21]
2019-07-30 11:19:47.245 [main] INFO  o.a.c.c.C.[Tomcat].[localhost].[/] - Initializing Spring embedded WebApplicationContext
2019-07-30 11:19:47.245 [main] INFO  o.s.web.context.ContextLoader - Root WebApplicationContext: initialization completed in 1388 ms
2019-07-30 11:19:47.545 [main] INFO  o.a.coyote.http11.Http11NioProtocol - Starting ProtocolHandler ["http-nio-8080"]
2019-07-30 11:19:47.573 [main] INFO  o.s.b.w.e.tomcat.TomcatWebServer - Tomcat started on port(s): 8080 (http) with context path ''
2019-07-30 11:19:47.577 [main] INFO  nil.ed.App - Started App in 2.645 seconds (JVM running for 3.637)
2019-07-30 11:19:55.034 [http-nio-8080-exec-1] INFO  o.a.c.c.C.[Tomcat].[localhost].[/] - Initializing Spring DispatcherServlet 'dispatcherServlet'
2019-07-30 11:19:55.034 [http-nio-8080-exec-1] INFO  o.s.web.servlet.DispatcherServlet - Initializing Servlet 'dispatcherServlet'
2019-07-30 11:19:55.049 [http-nio-8080-exec-1] INFO  o.s.web.servlet.DispatcherServlet - Completed initialization in 15 ms
2019-07-30 11:19:55.083 [http-nio-8080-exec-1] INFO  n.e.l.i.AnnotationConditionInterceptor - 拦截...
2019-07-30 11:19:56.197 [http-nio-8080-exec-2] WARN  o.s.web.servlet.PageNotFound - No mapping for GET /favicon.ico
2019-07-30 11:20:43.847 [main] INFO  nil.ed.App - Starting App on DESKTOP-K5NOLIB with PID 21132 (D:\workspace\idea\github\sample\login_intercepter\target\classes started by lidelin in D:\workspace\idea\github\sample\login_intercepter)
2019-07-30 11:20:43.850 [main] INFO  nil.ed.App - The following profiles are active: dev
2019-07-30 11:20:44.698 [main] INFO  o.s.b.w.e.tomcat.TomcatWebServer - Tomcat initialized with port(s): 8080 (http)
2019-07-30 11:20:44.708 [main] INFO  o.a.coyote.http11.Http11NioProtocol - Initializing ProtocolHandler ["http-nio-8080"]
2019-07-30 11:20:44.714 [main] INFO  o.a.catalina.core.StandardService - Starting service [Tomcat]
2019-07-30 11:20:44.722 [main] INFO  o.a.catalina.core.StandardEngine - Starting Servlet engine: [Apache Tomcat/9.0.21]
2019-07-30 11:20:44.838 [main] INFO  o.a.c.c.C.[Tomcat].[localhost].[/] - Initializing Spring embedded WebApplicationContext
2019-07-30 11:20:44.838 [main] INFO  o.s.web.context.ContextLoader - Root WebApplicationContext: initialization completed in 950 ms
2019-07-30 11:20:45.047 [main] INFO  o.s.s.c.ThreadPoolTaskExecutor - Initializing ExecutorService 'applicationTaskExecutor'
2019-07-30 11:20:45.175 [main] INFO  o.a.coyote.http11.Http11NioProtocol - Starting ProtocolHandler ["http-nio-8080"]
2019-07-30 11:20:45.196 [main] INFO  o.s.b.w.e.tomcat.TomcatWebServer - Tomcat started on port(s): 8080 (http) with context path ''
2019-07-30 11:20:45.200 [main] INFO  nil.ed.App - Started App in 1.73 seconds (JVM running for 2.675)
2019-07-30 11:20:48.478 [http-nio-8080-exec-1] INFO  o.a.c.c.C.[Tomcat].[localhost].[/] - Initializing Spring DispatcherServlet 'dispatcherServlet'
2019-07-30 11:20:48.478 [http-nio-8080-exec-1] INFO  o.s.web.servlet.DispatcherServlet - Initializing Servlet 'dispatcherServlet'
2019-07-30 11:20:48.491 [http-nio-8080-exec-1] INFO  o.s.web.servlet.DispatcherServlet - Completed initialization in 13 ms
2019-07-30 11:20:48.516 [http-nio-8080-exec-1] INFO  n.e.l.i.AnnotationConditionInterceptor - 拦截...
2019-07-30 11:20:53.812 [http-nio-8080-exec-2] INFO  n.e.l.i.AnnotationConditionInterceptor - 拦截...
