2019-07-15 11:40:41.976 [main] INFO  nil.ed.App - Starting App on DESKTOP-K5NOLIB with PID 1780 (D:\workspace\idea\sample\login_intercepter\target\classes started by lidelin in D:\workspace\idea\sample\login_intercepter)
2019-07-15 11:40:41.978 [main] INFO  nil.ed.App - The following profiles are active: dev
2019-07-15 11:40:43.339 [main] INFO  o.s.b.w.e.tomcat.TomcatWebServer - Tomcat initialized with port(s): 8080 (http)
2019-07-15 11:40:43.358 [main] INFO  o.a.coyote.http11.Http11NioProtocol - Initializing ProtocolHandler ["http-nio-8080"]
2019-07-15 11:40:43.371 [main] INFO  o.a.catalina.core.StandardService - Starting service [Tomcat]
2019-07-15 11:40:43.371 [main] INFO  o.a.catalina.core.StandardEngine - Starting Servlet engine: [Apache Tomcat/9.0.21]
2019-07-15 11:40:43.469 [main] INFO  o.a.c.c.C.[Tomcat].[localhost].[/] - Initializing Spring embedded WebApplicationContext
2019-07-15 11:40:43.469 [main] INFO  o.s.web.context.ContextLoader - Root WebApplicationContext: initialization completed in 1424 ms
2019-07-15 11:40:43.958 [main] INFO  o.a.coyote.http11.Http11NioProtocol - Starting ProtocolHandler ["http-nio-8080"]
2019-07-15 11:40:44.017 [main] INFO  o.s.b.w.e.tomcat.TomcatWebServer - Tomcat started on port(s): 8080 (http) with context path ''
2019-07-15 11:40:44.022 [main] INFO  nil.ed.App - Started App in 2.589 seconds (JVM running for 3.473)
2019-07-15 11:40:45.285 [http-nio-8080-exec-1] INFO  o.a.c.c.C.[Tomcat].[localhost].[/] - Initializing Spring DispatcherServlet 'dispatcherServlet'
2019-07-15 11:40:45.286 [http-nio-8080-exec-1] INFO  o.s.web.servlet.DispatcherServlet - Initializing Servlet 'dispatcherServlet'
2019-07-15 11:40:45.293 [http-nio-8080-exec-1] INFO  o.s.web.servlet.DispatcherServlet - Completed initialization in 7 ms
2019-07-15 11:40:45.310 [http-nio-8080-exec-1] INFO  n.e.l.i.AnnotationConditionInterceptor - 拦截...
2019-07-15 11:40:45.310 [http-nio-8080-exec-1] INFO  n.e.l.i.AnnotationConditionInterceptor - 注释@nil.ed.login.annotation.ConditionRequired(requireRegister=true, requireLogin=false)
2019-07-15 11:40:45.557 [http-nio-8080-exec-4] WARN  o.s.web.servlet.PageNotFound - No mapping for GET /favicon.ico
2019-07-15 11:40:45.614 [http-nio-8080-exec-4] WARN  o.s.w.s.m.s.DefaultHandlerExceptionResolver - Resolved [org.springframework.http.converter.HttpMessageNotWritableException: No converter found for return value of type: class java.util.LinkedHashMap]
2019-07-15 11:41:29.505 [main] INFO  nil.ed.App - Starting App on DESKTOP-K5NOLIB with PID 11600 (D:\workspace\idea\sample\login_intercepter\target\classes started by lidelin in D:\workspace\idea\sample\login_intercepter)
2019-07-15 11:41:29.509 [main] INFO  nil.ed.App - The following profiles are active: dev
2019-07-15 11:41:30.739 [main] INFO  o.s.b.w.e.tomcat.TomcatWebServer - Tomcat initialized with port(s): 8080 (http)
2019-07-15 11:41:30.754 [main] INFO  o.a.coyote.http11.Http11NioProtocol - Initializing ProtocolHandler ["http-nio-8080"]
2019-07-15 11:41:30.766 [main] INFO  o.a.catalina.core.StandardService - Starting service [Tomcat]
2019-07-15 11:41:30.766 [main] INFO  o.a.catalina.core.StandardEngine - Starting Servlet engine: [Apache Tomcat/9.0.21]
2019-07-15 11:41:30.889 [main] INFO  o.a.c.c.C.[Tomcat].[localhost].[/] - Initializing Spring embedded WebApplicationContext
2019-07-15 11:41:30.889 [main] INFO  o.s.web.context.ContextLoader - Root WebApplicationContext: initialization completed in 1327 ms
2019-07-15 11:41:31.236 [main] INFO  o.a.coyote.http11.Http11NioProtocol - Starting ProtocolHandler ["http-nio-8080"]
2019-07-15 11:41:31.290 [main] INFO  o.s.b.w.e.tomcat.TomcatWebServer - Tomcat started on port(s): 8080 (http) with context path ''
2019-07-15 11:41:31.294 [main] INFO  nil.ed.App - Started App in 2.461 seconds (JVM running for 3.503)
2019-07-15 11:41:42.402 [http-nio-8080-exec-1] INFO  o.a.c.c.C.[Tomcat].[localhost].[/] - Initializing Spring DispatcherServlet 'dispatcherServlet'
2019-07-15 11:41:42.402 [http-nio-8080-exec-1] INFO  o.s.web.servlet.DispatcherServlet - Initializing Servlet 'dispatcherServlet'
2019-07-15 11:41:42.406 [http-nio-8080-exec-1] INFO  o.s.web.servlet.DispatcherServlet - Completed initialization in 4 ms
2019-07-15 11:41:42.420 [http-nio-8080-exec-1] INFO  n.e.l.i.AnnotationConditionInterceptor - 拦截...
2019-07-15 11:41:42.420 [http-nio-8080-exec-1] INFO  n.e.l.i.AnnotationConditionInterceptor - 注释@nil.ed.login.annotation.ConditionRequired(requireRegister=true, requireLogin=false)
2019-07-15 11:41:42.607 [http-nio-8080-exec-2] WARN  o.s.web.servlet.PageNotFound - No mapping for GET /favicon.ico
2019-07-15 11:41:42.648 [http-nio-8080-exec-2] WARN  o.s.w.s.m.s.DefaultHandlerExceptionResolver - Resolved [org.springframework.http.converter.HttpMessageNotWritableException: No converter found for return value of type: class java.util.LinkedHashMap]
2019-07-15 11:42:01.754 [main] INFO  nil.ed.App - Starting App on DESKTOP-K5NOLIB with PID 3180 (D:\workspace\idea\sample\login_intercepter\target\classes started by lidelin in D:\workspace\idea\sample\login_intercepter)
2019-07-15 11:42:01.758 [main] INFO  nil.ed.App - The following profiles are active: dev
2019-07-15 11:42:02.702 [main] INFO  o.s.b.w.e.tomcat.TomcatWebServer - Tomcat initialized with port(s): 8080 (http)
2019-07-15 11:42:02.717 [main] INFO  o.a.coyote.http11.Http11NioProtocol - Initializing ProtocolHandler ["http-nio-8080"]
2019-07-15 11:42:02.726 [main] INFO  o.a.catalina.core.StandardService - Starting service [Tomcat]
2019-07-15 11:42:02.726 [main] INFO  o.a.catalina.core.StandardEngine - Starting Servlet engine: [Apache Tomcat/9.0.21]
2019-07-15 11:42:02.842 [main] INFO  o.a.c.c.C.[Tomcat].[localhost].[/] - Initializing Spring embedded WebApplicationContext
2019-07-15 11:42:02.842 [main] INFO  o.s.web.context.ContextLoader - Root WebApplicationContext: initialization completed in 1031 ms
2019-07-15 11:42:03.068 [main] INFO  o.a.coyote.http11.Http11NioProtocol - Starting ProtocolHandler ["http-nio-8080"]
2019-07-15 11:42:03.086 [main] INFO  o.s.b.w.e.tomcat.TomcatWebServer - Tomcat started on port(s): 8080 (http) with context path ''
2019-07-15 11:42:03.088 [main] INFO  nil.ed.App - Started App in 1.828 seconds (JVM running for 2.618)
2019-07-15 11:42:06.076 [http-nio-8080-exec-1] INFO  o.a.c.c.C.[Tomcat].[localhost].[/] - Initializing Spring DispatcherServlet 'dispatcherServlet'
2019-07-15 11:42:06.076 [http-nio-8080-exec-1] INFO  o.s.web.servlet.DispatcherServlet - Initializing Servlet 'dispatcherServlet'
2019-07-15 11:42:06.082 [http-nio-8080-exec-1] INFO  o.s.web.servlet.DispatcherServlet - Completed initialization in 6 ms
2019-07-15 11:42:06.095 [http-nio-8080-exec-1] INFO  n.e.l.i.AnnotationConditionInterceptor - 拦截...
2019-07-15 11:42:06.095 [http-nio-8080-exec-1] INFO  n.e.l.i.AnnotationConditionInterceptor - 注释@nil.ed.login.annotation.ConditionRequired(requireRegister=true, requireLogin=false)
2019-07-15 11:50:11.880 [http-nio-8080-exec-3] INFO  n.e.l.i.AnnotationConditionInterceptor - 拦截...
2019-07-15 11:50:11.880 [http-nio-8080-exec-3] INFO  n.e.l.i.AnnotationConditionInterceptor - 注释@nil.ed.login.annotation.ConditionRequired(requireRegister=true, requireLogin=false)
