2019-07-23 15:39:39.005 [main] INFO  nil.ed.App - Starting App on DESKTOP-K5NOLIB with PID 22532 (D:\workspace\idea\github\sample\login_intercepter\target\classes started by lidelin in D:\workspace\idea\github\sample\login_intercepter)
2019-07-23 15:39:39.010 [main] INFO  nil.ed.App - The following profiles are active: dev
2019-07-23 15:39:40.046 [main] INFO  o.s.b.w.e.tomcat.TomcatWebServer - Tomcat initialized with port(s): 8080 (http)
2019-07-23 15:39:40.059 [main] INFO  o.a.coyote.http11.Http11NioProtocol - Initializing ProtocolHandler ["http-nio-8080"]
2019-07-23 15:39:40.068 [main] INFO  o.a.catalina.core.StandardService - Starting service [Tomcat]
2019-07-23 15:39:40.068 [main] INFO  o.a.catalina.core.StandardEngine - Starting Servlet engine: [Apache Tomcat/9.0.21]
2019-07-23 15:39:40.178 [main] INFO  o.a.c.c.C.[Tomcat].[localhost].[/] - Initializing Spring embedded WebApplicationContext
2019-07-23 15:39:40.178 [main] INFO  o.s.web.context.ContextLoader - Root WebApplicationContext: initialization completed in 1105 ms
2019-07-23 15:39:40.492 [main] INFO  o.a.coyote.http11.Http11NioProtocol - Starting ProtocolHandler ["http-nio-8080"]
2019-07-23 15:39:40.515 [main] INFO  o.s.b.w.e.tomcat.TomcatWebServer - Tomcat started on port(s): 8080 (http) with context path ''
2019-07-23 15:39:40.518 [main] INFO  nil.ed.App - Started App in 2.161 seconds (JVM running for 3.849)
2019-07-23 15:40:21.759 [main] INFO  nil.ed.App - Starting App on DESKTOP-K5NOLIB with PID 24888 (D:\workspace\idea\github\sample\login_intercepter\target\classes started by lidelin in D:\workspace\idea\github\sample\login_intercepter)
2019-07-23 15:40:21.765 [main] INFO  nil.ed.App - The following profiles are active: dev
2019-07-23 15:40:22.759 [main] INFO  o.s.b.w.e.tomcat.TomcatWebServer - Tomcat initialized with port(s): 8080 (http)
2019-07-23 15:40:22.771 [main] INFO  o.a.coyote.http11.Http11NioProtocol - Initializing ProtocolHandler ["http-nio-8080"]
2019-07-23 15:40:22.779 [main] INFO  o.a.catalina.core.StandardService - Starting service [Tomcat]
2019-07-23 15:40:22.779 [main] INFO  o.a.catalina.core.StandardEngine - Starting Servlet engine: [Apache Tomcat/9.0.21]
2019-07-23 15:40:22.896 [main] INFO  o.a.c.c.C.[Tomcat].[localhost].[/] - Initializing Spring embedded WebApplicationContext
2019-07-23 15:40:22.896 [main] INFO  o.s.web.context.ContextLoader - Root WebApplicationContext: initialization completed in 1057 ms
2019-07-23 15:40:23.214 [main] INFO  o.a.coyote.http11.Http11NioProtocol - Starting ProtocolHandler ["http-nio-8080"]
2019-07-23 15:40:23.242 [main] INFO  o.s.b.w.e.tomcat.TomcatWebServer - Tomcat started on port(s): 8080 (http) with context path ''
2019-07-23 15:40:23.247 [main] INFO  nil.ed.App - Started App in 2.184 seconds (JVM running for 3.562)
2019-07-23 15:40:30.914 [http-nio-8080-exec-1] INFO  o.a.c.c.C.[Tomcat].[localhost].[/] - Initializing Spring DispatcherServlet 'dispatcherServlet'
2019-07-23 15:40:30.914 [http-nio-8080-exec-1] INFO  o.s.web.servlet.DispatcherServlet - Initializing Servlet 'dispatcherServlet'
2019-07-23 15:40:30.923 [http-nio-8080-exec-1] INFO  o.s.web.servlet.DispatcherServlet - Completed initialization in 9 ms
2019-07-23 16:08:24.280 [http-nio-8080-exec-1] INFO  n.e.l.i.AnnotationConditionInterceptor - 拦截...
2019-07-23 16:08:24.280 [http-nio-8080-exec-1] INFO  n.e.l.i.AnnotationConditionInterceptor - 注释@nil.ed.login.annotation.ConditionRequired(requireRegister=true, requireLogin=false)
2019-07-23 16:08:58.188 [http-nio-8080-exec-3] INFO  n.e.l.i.AnnotationConditionInterceptor - 拦截...
2019-07-23 16:08:58.188 [http-nio-8080-exec-3] INFO  n.e.l.i.AnnotationConditionInterceptor - 注释@nil.ed.login.annotation.ConditionRequired(requireRegister=true, requireLogin=false)
2019-07-23 16:08:58.199 [http-nio-8080-exec-2] WARN  o.s.web.servlet.PageNotFound - No mapping for GET /favicon.ico
2019-07-23 16:09:17.551 [main] INFO  nil.ed.App - Starting App on DESKTOP-K5NOLIB with PID 9872 (D:\workspace\idea\github\sample\login_intercepter\target\classes started by lidelin in D:\workspace\idea\github\sample\login_intercepter)
2019-07-23 16:09:17.555 [main] INFO  nil.ed.App - The following profiles are active: dev
2019-07-23 16:09:18.568 [main] INFO  o.s.b.w.e.tomcat.TomcatWebServer - Tomcat initialized with port(s): 8080 (http)
2019-07-23 16:09:18.581 [main] INFO  o.a.coyote.http11.Http11NioProtocol - Initializing ProtocolHandler ["http-nio-8080"]
2019-07-23 16:09:18.588 [main] INFO  o.a.catalina.core.StandardService - Starting service [Tomcat]
2019-07-23 16:09:18.588 [main] INFO  o.a.catalina.core.StandardEngine - Starting Servlet engine: [Apache Tomcat/9.0.21]
2019-07-23 16:09:18.717 [main] INFO  o.a.c.c.C.[Tomcat].[localhost].[/] - Initializing Spring embedded WebApplicationContext
2019-07-23 16:09:18.717 [main] INFO  o.s.web.context.ContextLoader - Root WebApplicationContext: initialization completed in 1091 ms
2019-07-23 16:09:19.004 [main] INFO  o.a.coyote.http11.Http11NioProtocol - Starting ProtocolHandler ["http-nio-8080"]
2019-07-23 16:09:19.033 [main] INFO  o.s.b.w.e.tomcat.TomcatWebServer - Tomcat started on port(s): 8080 (http) with context path ''
2019-07-23 16:09:19.037 [main] INFO  nil.ed.App - Started App in 2.266 seconds (JVM running for 3.51)
2019-07-23 16:09:19.281 [http-nio-8080-exec-1] INFO  o.a.c.c.C.[Tomcat].[localhost].[/] - Initializing Spring DispatcherServlet 'dispatcherServlet'
2019-07-23 16:09:19.281 [http-nio-8080-exec-1] INFO  o.s.web.servlet.DispatcherServlet - Initializing Servlet 'dispatcherServlet'
2019-07-23 16:09:19.286 [http-nio-8080-exec-1] INFO  o.s.web.servlet.DispatcherServlet - Completed initialization in 5 ms
2019-07-23 16:14:38.249 [RMI TCP Connection(3)-10.231.70.227] WARN  javax.management.remote.misc - The server has decided to close this client connection.
2019-07-23 16:14:46.913 [RMI TCP Connection(4)-10.231.70.227] WARN  javax.management.remote.misc - The server has decided to close this client connection.
2019-07-23 16:39:30.426 [http-nio-8080-exec-1] INFO  n.e.l.i.AnnotationConditionInterceptor - 拦截...
2019-07-23 16:39:30.427 [http-nio-8080-exec-1] INFO  n.e.l.i.AnnotationConditionInterceptor - 注释@nil.ed.login.annotation.ConditionRequired(requireRegister=true, requireLogin=false)
2019-07-23 16:42:28.341 [http-nio-8080-exec-3] INFO  n.e.l.i.AnnotationConditionInterceptor - 拦截...
2019-07-23 16:42:28.341 [http-nio-8080-exec-3] INFO  n.e.l.i.AnnotationConditionInterceptor - 注释@nil.ed.login.annotation.ConditionRequired(requireRegister=false, requireLogin=true)
2019-07-23 17:49:04.208 [main] INFO  nil.ed.App - Starting App on DESKTOP-K5NOLIB with PID 13100 (D:\workspace\idea\github\sample\login_intercepter\target\classes started by lidelin in D:\workspace\idea\github\sample\login_intercepter)
2019-07-23 17:49:04.212 [main] INFO  nil.ed.App - The following profiles are active: dev
2019-07-23 17:49:05.219 [main] INFO  o.s.b.w.e.tomcat.TomcatWebServer - Tomcat initialized with port(s): 8080 (http)
2019-07-23 17:49:05.231 [main] INFO  o.a.coyote.http11.Http11NioProtocol - Initializing ProtocolHandler ["http-nio-8080"]
2019-07-23 17:49:05.239 [main] INFO  o.a.catalina.core.StandardService - Starting service [Tomcat]
2019-07-23 17:49:05.239 [main] INFO  o.a.catalina.core.StandardEngine - Starting Servlet engine: [Apache Tomcat/9.0.21]
2019-07-23 17:49:05.363 [main] INFO  o.a.c.c.C.[Tomcat].[localhost].[/] - Initializing Spring embedded WebApplicationContext
2019-07-23 17:49:05.364 [main] INFO  o.s.web.context.ContextLoader - Root WebApplicationContext: initialization completed in 1077 ms
2019-07-23 17:49:05.625 [main] INFO  o.a.coyote.http11.Http11NioProtocol - Starting ProtocolHandler ["http-nio-8080"]
2019-07-23 17:49:05.646 [main] INFO  o.s.b.w.e.tomcat.TomcatWebServer - Tomcat started on port(s): 8080 (http) with context path ''
2019-07-23 17:49:05.649 [main] INFO  nil.ed.App - Started App in 2.236 seconds (JVM running for 4.391)
2019-07-23 17:49:05.866 [http-nio-8080-exec-1] INFO  o.a.c.c.C.[Tomcat].[localhost].[/] - Initializing Spring DispatcherServlet 'dispatcherServlet'
2019-07-23 17:49:05.866 [http-nio-8080-exec-1] INFO  o.s.web.servlet.DispatcherServlet - Initializing Servlet 'dispatcherServlet'
2019-07-23 17:49:05.870 [http-nio-8080-exec-1] INFO  o.s.web.servlet.DispatcherServlet - Completed initialization in 4 ms
2019-07-23 17:49:06.046 [http-nio-8080-exec-2] WARN  o.s.web.servlet.PageNotFound - No mapping for GET /favicon.ico
2019-07-23 17:50:03.658 [main] INFO  nil.ed.App - Starting App on DESKTOP-K5NOLIB with PID 4736 (D:\workspace\idea\github\sample\login_intercepter\target\classes started by lidelin in D:\workspace\idea\github\sample\login_intercepter)
2019-07-23 17:50:03.661 [main] INFO  nil.ed.App - The following profiles are active: dev
2019-07-23 17:50:04.504 [main] INFO  o.s.b.w.e.tomcat.TomcatWebServer - Tomcat initialized with port(s): 8080 (http)
2019-07-23 17:50:04.514 [main] INFO  o.a.coyote.http11.Http11NioProtocol - Initializing ProtocolHandler ["http-nio-8080"]
2019-07-23 17:50:04.521 [main] INFO  o.a.catalina.core.StandardService - Starting service [Tomcat]
2019-07-23 17:50:04.522 [main] INFO  o.a.catalina.core.StandardEngine - Starting Servlet engine: [Apache Tomcat/9.0.21]
2019-07-23 17:50:04.627 [main] INFO  o.a.c.c.C.[Tomcat].[localhost].[/] - Initializing Spring embedded WebApplicationContext
2019-07-23 17:50:04.627 [main] INFO  o.s.web.context.ContextLoader - Root WebApplicationContext: initialization completed in 915 ms
2019-07-23 17:50:04.978 [main] INFO  o.a.coyote.http11.Http11NioProtocol - Starting ProtocolHandler ["http-nio-8080"]
2019-07-23 17:50:05.002 [main] INFO  o.s.b.w.e.tomcat.TomcatWebServer - Tomcat started on port(s): 8080 (http) with context path ''
2019-07-23 17:50:05.006 [main] INFO  nil.ed.App - Started App in 1.957 seconds (JVM running for 3.057)
2019-07-23 17:50:14.163 [http-nio-8080-exec-1] INFO  o.a.c.c.C.[Tomcat].[localhost].[/] - Initializing Spring DispatcherServlet 'dispatcherServlet'
2019-07-23 17:50:14.164 [http-nio-8080-exec-1] INFO  o.s.web.servlet.DispatcherServlet - Initializing Servlet 'dispatcherServlet'
2019-07-23 17:50:14.168 [http-nio-8080-exec-1] INFO  o.s.web.servlet.DispatcherServlet - Completed initialization in 4 ms
2019-07-23 17:50:14.196 [http-nio-8080-exec-1] ERROR o.a.c.c.C.[.[.[.[dispatcherServlet] - Servlet.service() for servlet [dispatcherServlet] in context with path [] threw exception [Request processing failed; nested exception is java.lang.NullPointerException] with root cause
java.lang.NullPointerException: null
	at nil.ed.login.controller.TestController.testNonRequireCondition(TestController.java:30)
	at sun.reflect.NativeMethodAccessorImpl.invoke0(Native Method)
	at sun.reflect.NativeMethodAccessorImpl.invoke(NativeMethodAccessorImpl.java:62)
	at sun.reflect.DelegatingMethodAccessorImpl.invoke(DelegatingMethodAccessorImpl.java:43)
	at java.lang.reflect.Method.invoke(Method.java:498)
	at org.springframework.web.method.support.InvocableHandlerMethod.doInvoke(InvocableHandlerMethod.java:190)
	at org.springframework.web.method.support.InvocableHandlerMethod.invokeForRequest(InvocableHandlerMethod.java:138)
	at org.springframework.web.servlet.mvc.method.annotation.ServletInvocableHandlerMethod.invokeAndHandle(ServletInvocableHandlerMethod.java:104)
	at org.springframework.web.servlet.mvc.method.annotation.RequestMappingHandlerAdapter.invokeHandlerMethod(RequestMappingHandlerAdapter.java:892)
	at org.springframework.web.servlet.mvc.method.annotation.RequestMappingHandlerAdapter.handleInternal(RequestMappingHandlerAdapter.java:797)
	at org.springframework.web.servlet.mvc.method.AbstractHandlerMethodAdapter.handle(AbstractHandlerMethodAdapter.java:87)
	at org.springframework.web.servlet.DispatcherServlet.doDispatch(DispatcherServlet.java:1039)
	at org.springframework.web.servlet.DispatcherServlet.doService(DispatcherServlet.java:942)
	at org.springframework.web.servlet.FrameworkServlet.processRequest(FrameworkServlet.java:1005)
	at org.springframework.web.servlet.FrameworkServlet.doGet(FrameworkServlet.java:897)
	at javax.servlet.http.HttpServlet.service(HttpServlet.java:634)
	at org.springframework.web.servlet.FrameworkServlet.service(FrameworkServlet.java:882)
	at javax.servlet.http.HttpServlet.service(HttpServlet.java:741)
	at org.apache.catalina.core.ApplicationFilterChain.internalDoFilter(ApplicationFilterChain.java:231)
	at org.apache.catalina.core.ApplicationFilterChain.doFilter(ApplicationFilterChain.java:166)
	at org.apache.tomcat.websocket.server.WsFilter.doFilter(WsFilter.java:53)
	at org.apache.catalina.core.ApplicationFilterChain.internalDoFilter(ApplicationFilterChain.java:193)
	at org.apache.catalina.core.ApplicationFilterChain.doFilter(ApplicationFilterChain.java:166)
	at org.springframework.web.filter.CharacterEncodingFilter.doFilterInternal(CharacterEncodingFilter.java:200)
	at org.springframework.web.filter.OncePerRequestFilter.doFilter(OncePerRequestFilter.java:109)
	at org.apache.catalina.core.ApplicationFilterChain.internalDoFilter(ApplicationFilterChain.java:193)
	at org.apache.catalina.core.ApplicationFilterChain.doFilter(ApplicationFilterChain.java:166)
	at org.apache.catalina.core.StandardWrapperValve.invoke(StandardWrapperValve.java:202)
	at org.apache.catalina.core.StandardContextValve.invoke(StandardContextValve.java:96)
	at org.apache.catalina.authenticator.AuthenticatorBase.invoke(AuthenticatorBase.java:490)
	at org.apache.catalina.core.StandardHostValve.invoke(StandardHostValve.java:139)
	at org.apache.catalina.valves.ErrorReportValve.invoke(ErrorReportValve.java:92)
	at org.apache.catalina.core.StandardEngineValve.invoke(StandardEngineValve.java:74)
	at org.apache.catalina.connector.CoyoteAdapter.service(CoyoteAdapter.java:343)
	at org.apache.coyote.http11.Http11Processor.service(Http11Processor.java:408)
	at org.apache.coyote.AbstractProcessorLight.process(AbstractProcessorLight.java:66)
	at org.apache.coyote.AbstractProtocol$ConnectionHandler.process(AbstractProtocol.java:853)
	at org.apache.tomcat.util.net.NioEndpoint$SocketProcessor.doRun(NioEndpoint.java:1587)
	at org.apache.tomcat.util.net.SocketProcessorBase.run(SocketProcessorBase.java:49)
	at java.util.concurrent.ThreadPoolExecutor.runWorker(ThreadPoolExecutor.java:1149)
	at java.util.concurrent.ThreadPoolExecutor$Worker.run(ThreadPoolExecutor.java:624)
	at org.apache.tomcat.util.threads.TaskThread$WrappingRunnable.run(TaskThread.java:61)
	at java.lang.Thread.run(Thread.java:748)
2019-07-23 17:51:07.894 [main] INFO  nil.ed.App - Starting App on DESKTOP-K5NOLIB with PID 22772 (D:\workspace\idea\github\sample\login_intercepter\target\classes started by lidelin in D:\workspace\idea\github\sample\login_intercepter)
2019-07-23 17:51:07.897 [main] INFO  nil.ed.App - The following profiles are active: dev
2019-07-23 17:51:08.692 [main] INFO  o.s.b.w.e.tomcat.TomcatWebServer - Tomcat initialized with port(s): 8080 (http)
2019-07-23 17:51:08.702 [main] INFO  o.a.coyote.http11.Http11NioProtocol - Initializing ProtocolHandler ["http-nio-8080"]
2019-07-23 17:51:08.708 [main] INFO  o.a.catalina.core.StandardService - Starting service [Tomcat]
2019-07-23 17:51:08.708 [main] INFO  o.a.catalina.core.StandardEngine - Starting Servlet engine: [Apache Tomcat/9.0.21]
2019-07-23 17:51:08.795 [main] INFO  o.a.c.c.C.[Tomcat].[localhost].[/] - Initializing Spring embedded WebApplicationContext
2019-07-23 17:51:08.795 [main] INFO  o.s.web.context.ContextLoader - Root WebApplicationContext: initialization completed in 846 ms
2019-07-23 17:51:09.009 [main] INFO  o.a.coyote.http11.Http11NioProtocol - Starting ProtocolHandler ["http-nio-8080"]
2019-07-23 17:51:09.027 [main] INFO  o.s.b.w.e.tomcat.TomcatWebServer - Tomcat started on port(s): 8080 (http) with context path ''
2019-07-23 17:51:09.029 [main] INFO  nil.ed.App - Started App in 1.617 seconds (JVM running for 2.738)
2019-07-23 17:51:29.152 [http-nio-8080-exec-1] INFO  o.a.c.c.C.[Tomcat].[localhost].[/] - Initializing Spring DispatcherServlet 'dispatcherServlet'
2019-07-23 17:51:29.152 [http-nio-8080-exec-1] INFO  o.s.web.servlet.DispatcherServlet - Initializing Servlet 'dispatcherServlet'
2019-07-23 17:51:29.156 [http-nio-8080-exec-1] INFO  o.s.web.servlet.DispatcherServlet - Completed initialization in 4 ms
2019-07-23 17:52:21.258 [main] INFO  nil.ed.App - Starting App on DESKTOP-K5NOLIB with PID 19200 (D:\workspace\idea\github\sample\login_intercepter\target\classes started by lidelin in D:\workspace\idea\github\sample\login_intercepter)
2019-07-23 17:52:21.260 [main] INFO  nil.ed.App - The following profiles are active: dev
2019-07-23 17:52:22.120 [main] INFO  o.s.b.w.e.tomcat.TomcatWebServer - Tomcat initialized with port(s): 8080 (http)
2019-07-23 17:52:22.130 [main] INFO  o.a.coyote.http11.Http11NioProtocol - Initializing ProtocolHandler ["http-nio-8080"]
2019-07-23 17:52:22.137 [main] INFO  o.a.catalina.core.StandardService - Starting service [Tomcat]
2019-07-23 17:52:22.137 [main] INFO  o.a.catalina.core.StandardEngine - Starting Servlet engine: [Apache Tomcat/9.0.21]
2019-07-23 17:52:22.225 [main] INFO  o.a.c.c.C.[Tomcat].[localhost].[/] - Initializing Spring embedded WebApplicationContext
2019-07-23 17:52:22.225 [main] INFO  o.s.web.context.ContextLoader - Root WebApplicationContext: initialization completed in 930 ms
2019-07-23 17:52:22.436 [main] INFO  o.a.coyote.http11.Http11NioProtocol - Starting ProtocolHandler ["http-nio-8080"]
2019-07-23 17:52:22.454 [main] INFO  o.s.b.w.e.tomcat.TomcatWebServer - Tomcat started on port(s): 8080 (http) with context path ''
2019-07-23 17:52:22.464 [main] INFO  nil.ed.App - Started App in 1.746 seconds (JVM running for 2.868)
2019-07-23 17:52:27.062 [http-nio-8080-exec-1] INFO  o.a.c.c.C.[Tomcat].[localhost].[/] - Initializing Spring DispatcherServlet 'dispatcherServlet'
2019-07-23 17:52:27.063 [http-nio-8080-exec-1] INFO  o.s.web.servlet.DispatcherServlet - Initializing Servlet 'dispatcherServlet'
2019-07-23 17:52:27.068 [http-nio-8080-exec-1] INFO  o.s.web.servlet.DispatcherServlet - Completed initialization in 5 ms
2019-07-23 17:52:27.079 [http-nio-8080-exec-1] INFO  n.e.l.i.AnnotationConditionInterceptor - 拦截...
2019-07-23 17:52:27.080 [http-nio-8080-exec-1] INFO  n.e.l.i.AnnotationConditionInterceptor - 注释null
2019-07-23 17:52:29.733 [http-nio-8080-exec-2] INFO  n.e.l.i.AnnotationConditionInterceptor - 拦截...
2019-07-23 17:52:29.733 [http-nio-8080-exec-2] INFO  n.e.l.i.AnnotationConditionInterceptor - 注释null
2019-07-23 17:52:48.205 [http-nio-8080-exec-3] INFO  n.e.l.i.AnnotationConditionInterceptor - 拦截...
2019-07-23 17:52:48.206 [http-nio-8080-exec-3] INFO  n.e.l.i.AnnotationConditionInterceptor - 注释null
2019-07-23 17:53:22.927 [http-nio-8080-exec-6] INFO  n.e.l.i.AnnotationConditionInterceptor - 拦截...
2019-07-23 17:53:22.927 [http-nio-8080-exec-6] INFO  n.e.l.i.AnnotationConditionInterceptor - 注释null
