2019-07-31 14:53:01.777 [main] INFO  nil.ed.App - Starting App on DESKTOP-K5NOLIB with PID 8404 (D:\workspace\idea\github\sample\login_intercepter\target\classes started by lidelin in D:\workspace\idea\github\sample\login_intercepter)
2019-07-31 14:53:01.780 [main] INFO  nil.ed.App - The following profiles are active: dev
2019-07-31 14:53:02.861 [main] INFO  o.s.b.w.e.tomcat.TomcatWebServer - Tomcat initialized with port(s): 8080 (http)
2019-07-31 14:53:02.875 [main] INFO  o.a.coyote.http11.Http11NioProtocol - Initializing ProtocolHandler ["http-nio-8080"]
2019-07-31 14:53:02.883 [main] INFO  o.a.catalina.core.StandardService - Starting service [Tomcat]
2019-07-31 14:53:02.883 [main] INFO  o.a.catalina.core.StandardEngine - Starting Servlet engine: [Apache Tomcat/9.0.21]
2019-07-31 14:53:02.991 [main] INFO  o.a.c.c.C.[Tomcat].[localhost].[/] - Initializing Spring embedded WebApplicationContext
2019-07-31 14:53:02.991 [main] INFO  o.s.web.context.ContextLoader - Root WebApplicationContext: initialization completed in 1127 ms
2019-07-31 14:53:03.228 [main] INFO  o.s.s.c.ThreadPoolTaskExecutor - Initializing ExecutorService 'applicationTaskExecutor'
2019-07-31 14:53:03.379 [main] INFO  o.a.coyote.http11.Http11NioProtocol - Starting ProtocolHandler ["http-nio-8080"]
2019-07-31 14:53:03.414 [main] INFO  o.s.b.w.e.tomcat.TomcatWebServer - Tomcat started on port(s): 8080 (http) with context path ''
2019-07-31 14:53:03.419 [main] INFO  nil.ed.App - Started App in 2.362 seconds (JVM running for 4.578)
2019-07-31 14:54:25.694 [http-nio-8080-exec-2] INFO  o.a.c.c.C.[Tomcat].[localhost].[/] - Initializing Spring DispatcherServlet 'dispatcherServlet'
2019-07-31 14:54:25.694 [http-nio-8080-exec-2] INFO  o.s.web.servlet.DispatcherServlet - Initializing Servlet 'dispatcherServlet'
2019-07-31 14:54:25.702 [http-nio-8080-exec-2] INFO  o.s.web.servlet.DispatcherServlet - Completed initialization in 7 ms
2019-07-31 14:55:19.859 [http-nio-8080-exec-2] INFO  n.e.l.i.AnnotationConditionInterceptor - 拦截...
2019-07-31 15:00:19.428 [http-nio-8080-exec-3] INFO  n.e.l.i.AnnotationConditionInterceptor - 拦截...
2019-07-31 15:10:08.736 [Thread-8] INFO  o.s.s.c.ThreadPoolTaskExecutor - Shutting down ExecutorService 'applicationTaskExecutor'
2019-07-31 15:10:19.378 [main] INFO  nil.ed.App - Starting App on DESKTOP-K5NOLIB with PID 21004 (D:\workspace\idea\github\sample\login_intercepter\target\classes started by lidelin in D:\workspace\idea\github\sample\login_intercepter)
2019-07-31 15:10:19.385 [main] INFO  nil.ed.App - The following profiles are active: dev
2019-07-31 15:10:20.605 [main] INFO  o.s.b.w.e.tomcat.TomcatWebServer - Tomcat initialized with port(s): 8080 (http)
2019-07-31 15:10:20.621 [main] INFO  o.a.coyote.http11.Http11NioProtocol - Initializing ProtocolHandler ["http-nio-8080"]
2019-07-31 15:10:20.634 [main] INFO  o.a.catalina.core.StandardService - Starting service [Tomcat]
2019-07-31 15:10:20.635 [main] INFO  o.a.catalina.core.StandardEngine - Starting Servlet engine: [Apache Tomcat/9.0.21]
2019-07-31 15:10:20.753 [main] INFO  o.a.c.c.C.[Tomcat].[localhost].[/] - Initializing Spring embedded WebApplicationContext
2019-07-31 15:10:20.754 [main] INFO  o.s.web.context.ContextLoader - Root WebApplicationContext: initialization completed in 1299 ms
2019-07-31 15:10:20.922 [main] INFO  o.s.s.c.ThreadPoolTaskExecutor - Initializing ExecutorService 'applicationTaskExecutor'
2019-07-31 15:10:21.044 [main] INFO  o.a.coyote.http11.Http11NioProtocol - Starting ProtocolHandler ["http-nio-8080"]
2019-07-31 15:10:21.063 [main] INFO  o.s.b.w.e.tomcat.TomcatWebServer - Tomcat started on port(s): 8080 (http) with context path ''
2019-07-31 15:10:21.066 [main] INFO  nil.ed.App - Started App in 2.388 seconds (JVM running for 3.469)
2019-07-31 15:10:34.827 [http-nio-8080-exec-1] INFO  o.a.c.c.C.[Tomcat].[localhost].[/] - Initializing Spring DispatcherServlet 'dispatcherServlet'
2019-07-31 15:10:34.827 [http-nio-8080-exec-1] INFO  o.s.web.servlet.DispatcherServlet - Initializing Servlet 'dispatcherServlet'
2019-07-31 15:10:34.833 [http-nio-8080-exec-1] INFO  o.s.web.servlet.DispatcherServlet - Completed initialization in 6 ms
2019-07-31 15:10:34.848 [http-nio-8080-exec-1] INFO  n.e.l.i.AnnotationConditionInterceptor - 拦截...
